<?xml version="1.0" encoding="UTF-8" ?>
<testsuite tests="6" failures="0" name="calendar.CalDayTest" time="0.018" errors="0" skipped="0">
  <properties>
[...]
</properties>
  <testcase classname="calendar.CalDayTest" name="test021" time="0.016"/>
  <testcase classname="calendar.CalDayTest" name="test01" time="0"/>
  <testcase classname="calendar.CalDayTest" name="test02" time="0.001"/>
  <testcase classname="calendar.CalDayTest" name="test03" time="0"/>
  <testcase classname="calendar.CalDayTest" name="test04" time="0"/>
  <testcase classname="calendar.CalDayTest" name="test05" time="0.001"/>
</testsuite>